file :4 block_id:1 --> bbed : Data File Header
file :4 block_id:2 --> bbed :BBED-00400: invalid blocktype (29)
file :4 block_id:3 --> bbed :BBED-00400: invalid blocktype (30)
file :4 block_id:4 --> bbed :BBED-00400: invalid blocktype (30)
file :4 block_id:5 --> bbed :BBED-00400: invalid blocktype (30)
file :4 block_id:6 --> bbed :BBED-00400: invalid blocktype (30)
file :4 block_id:7 --> bbed :BBED-00400: invalid blocktype (30)
file :4 block_id:8 --> bbed :BBED-00400: invalid blocktype (30)
file :4 block_id:9 --> bbed :BBED-00400: invalid blocktype (30)
file :4 block_id:10 --> bbed :BBED-00400: invalid blocktype (30)
file :4 block_id:11 --> bbed :BBED-00400: invalid blocktype (30)
file :4 block_id:12 --> bbed :BBED-00400: invalid blocktype (30)
file :4 block_id:13 --> bbed :BBED-00400: invalid blocktype (30)
file :4 block_id:14 --> bbed :------------------------------------------------------------
file :4 block_id:15 --> bbed :BBED-00400: invalid blocktype (30)
file :4 block_id:16 --> bbed :BBED-00400: invalid blocktype (30)
file :4 block_id:17 --> bbed :BBED-00400: invalid blocktype (30)
file :4 block_id:18 --> bbed :BBED-00400: invalid blocktype (30)
file :4 block_id:19 --> bbed :BBED-00400: invalid blocktype (30)
file :4 block_id:20 --> bbed :BBED-00400: invalid blocktype (30)
file :4 block_id:21 --> bbed :BBED-00400: invalid blocktype (30)
file :4 block_id:22 --> bbed :BBED-00400: invalid blocktype (30)
file :4 block_id:23 --> bbed :BBED-00400: invalid blocktype (30)
file :4 block_id:24 --> bbed :BBED-00400: invalid blocktype (30)
file :4 block_id:25 --> bbed :BBED-00400: invalid blocktype (30)
file :4 block_id:26 --> bbed :BBED-00400: invalid blocktype (30)
file :4 block_id:27 --> bbed :BBED-00400: invalid blocktype (30)
file :4 block_id:28 --> bbed :BBED-00400: invalid blocktype (30)
file :4 block_id:29 --> bbed :BBED-00400: invalid blocktype (30)
file :4 block_id:30 --> bbed :BBED-00400: invalid blocktype (30)
file :4 block_id:31 --> bbed :BBED-00400: invalid blocktype (30)
file :4 block_id:32 --> bbed :BBED-00400: invalid blocktype (30)
file :4 block_id:33 --> bbed :BBED-00400: invalid blocktype (30)
file :4 block_id:34 --> bbed :BBED-00400: invalid blocktype (30)
file :4 block_id:35 --> bbed :BBED-00400: invalid blocktype (30)
file :4 block_id:36 --> bbed :BBED-00400: invalid blocktype (30)
file :4 block_id:37 --> bbed :BBED-00400: invalid blocktype (30)
file :4 block_id:38 --> bbed :BBED-00400: invalid blocktype (30)
file :4 block_id:39 --> bbed :BBED-00400: invalid blocktype (30)
file :4 block_id:40 --> bbed :BBED-00400: invalid blocktype (30)
file :4 block_id:41 --> bbed :BBED-00400: invalid blocktype (30)
file :4 block_id:42 --> bbed :BBED-00400: invalid blocktype (30)
file :4 block_id:43 --> bbed :BBED-00400: invalid blocktype (30)
file :4 block_id:44 --> bbed :BBED-00400: invalid blocktype (30)
file :4 block_id:45 --> bbed :BBED-00400: invalid blocktype (30)
file :4 block_id:46 --> bbed :BBED-00400: invalid blocktype (30)
file :4 block_id:47 --> bbed :BBED-00400: invalid blocktype (30)
file :4 block_id:48 --> bbed :BBED-00400: invalid blocktype (30)
file :4 block_id:49 --> bbed :BBED-00400: invalid blocktype (30)
file :4 block_id:50 --> bbed :BBED-00400: invalid blocktype (30)
file :4 block_id:51 --> bbed :BBED-00400: invalid blocktype (30)
file :4 block_id:52 --> bbed :BBED-00400: invalid blocktype (30)
file :4 block_id:53 --> bbed :BBED-00400: invalid blocktype (30)
file :4 block_id:54 --> bbed :BBED-00400: invalid blocktype (30)
file :4 block_id:55 --> bbed :BBED-00400: invalid blocktype (30)
file :4 block_id:56 --> bbed :BBED-00400: invalid blocktype (30)
file :4 block_id:57 --> bbed :BBED-00400: invalid blocktype (30)
file :4 block_id:58 --> bbed :BBED-00400: invalid blocktype (30)
file :4 block_id:59 --> bbed :BBED-00400: invalid blocktype (30)
file :4 block_id:60 --> bbed :BBED-00400: invalid blocktype (30)
file :4 block_id:61 --> bbed :BBED-00400: invalid blocktype (30)
file :4 block_id:62 --> bbed :BBED-00400: invalid blocktype (30)
file :4 block_id:63 --> bbed :BBED-00400: invalid blocktype (30)
file :4 block_id:64 --> bbed :BBED-00400: invalid blocktype (30)
file :4 block_id:65 --> bbed :BBED-00400: invalid blocktype (30)
file :4 block_id:66 --> bbed :BBED-00400: invalid blocktype (30)
file :4 block_id:67 --> bbed :BBED-00400: invalid blocktype (30)
file :4 block_id:68 --> bbed :BBED-00400: invalid blocktype (30)
file :4 block_id:69 --> bbed :BBED-00400: invalid blocktype (30)
file :4 block_id:70 --> bbed :BBED-00400: invalid blocktype (30)
file :4 block_id:71 --> bbed :BBED-00400: invalid blocktype (30)
file :4 block_id:72 --> bbed :BBED-00400: invalid blocktype (30)
file :4 block_id:73 --> bbed :BBED-00400: invalid blocktype (30)
file :4 block_id:74 --> bbed :BBED-00400: invalid blocktype (30)
file :4 block_id:75 --> bbed :BBED-00400: invalid blocktype (30)
file :4 block_id:76 --> bbed :BBED-00400: invalid blocktype (30)
file :4 block_id:77 --> bbed :BBED-00400: invalid blocktype (30)
file :4 block_id:78 --> bbed :BBED-00400: invalid blocktype (30)
file :4 block_id:79 --> bbed :BBED-00400: invalid blocktype (30)
file :4 block_id:80 --> bbed :BBED-00400: invalid blocktype (30)
file :4 block_id:81 --> bbed :BBED-00400: invalid blocktype (30)
file :4 block_id:82 --> bbed :BBED-00400: invalid blocktype (30)
file :4 block_id:83 --> bbed :BBED-00400: invalid blocktype (30)
file :4 block_id:84 --> bbed :BBED-00400: invalid blocktype (30)
file :4 block_id:85 --> bbed :BBED-00400: invalid blocktype (30)
file :4 block_id:86 --> bbed :BBED-00400: invalid blocktype (30)
file :4 block_id:87 --> bbed :BBED-00400: invalid blocktype (30)
file :4 block_id:88 --> bbed :BBED-00400: invalid blocktype (30)
file :4 block_id:89 --> bbed :BBED-00400: invalid blocktype (30)
file :4 block_id:90 --> bbed :BBED-00400: invalid blocktype (30)
file :4 block_id:91 --> bbed :BBED-00400: invalid blocktype (30)
file :4 block_id:92 --> bbed :BBED-00400: invalid blocktype (30)
file :4 block_id:93 --> bbed :BBED-00400: invalid blocktype (30)
file :4 block_id:94 --> bbed :BBED-00400: invalid blocktype (30)
file :4 block_id:95 --> bbed :BBED-00400: invalid blocktype (30)
file :4 block_id:96 --> bbed :BBED-00400: invalid blocktype (30)
file :4 block_id:97 --> bbed :BBED-00400: invalid blocktype (30)
file :4 block_id:98 --> bbed :BBED-00400: invalid blocktype (30)
file :4 block_id:99 --> bbed :BBED-00400: invalid blocktype (30)
file :4 block_id:100 --> bbed :BBED-00400: invalid blocktype (30)
file :4 block_id:101 --> bbed :BBED-00400: invalid blocktype (30)
file :4 block_id:102 --> bbed :BBED-00400: invalid blocktype (30)
file :4 block_id:103 --> bbed :BBED-00400: invalid blocktype (30)
file :4 block_id:104 --> bbed :BBED-00400: invalid blocktype (30)
file :4 block_id:105 --> bbed :BBED-00400: invalid blocktype (30)
file :4 block_id:106 --> bbed :BBED-00400: invalid blocktype (30)
file :4 block_id:107 --> bbed :BBED-00400: invalid blocktype (30)
file :4 block_id:108 --> bbed :BBED-00400: invalid blocktype (30)
file :4 block_id:109 --> bbed :BBED-00400: invalid blocktype (30)
file :4 block_id:110 --> bbed :BBED-00400: invalid blocktype (30)
file :4 block_id:111 --> bbed :BBED-00400: invalid blocktype (30)
file :4 block_id:112 --> bbed :BBED-00400: invalid blocktype (30)
file :4 block_id:113 --> bbed :BBED-00400: invalid blocktype (30)
file :4 block_id:114 --> bbed :BBED-00400: invalid blocktype (30)
file :4 block_id:115 --> bbed :BBED-00400: invalid blocktype (30)
file :4 block_id:116 --> bbed :BBED-00400: invalid blocktype (30)
file :4 block_id:117 --> bbed :BBED-00400: invalid blocktype (30)
file :4 block_id:118 --> bbed :BBED-00400: invalid blocktype (30)
file :4 block_id:119 --> bbed :BBED-00400: invalid blocktype (30)
file :4 block_id:120 --> bbed :BBED-00400: invalid blocktype (30)
file :4 block_id:121 --> bbed :BBED-00400: invalid blocktype (30)
file :4 block_id:122 --> bbed :BBED-00400: invalid blocktype (30)
file :4 block_id:123 --> bbed :BBED-00400: invalid blocktype (30)
file :4 block_id:124 --> bbed :BBED-00400: invalid blocktype (30)
file :4 block_id:125 --> bbed :BBED-00400: invalid blocktype (30)
file :4 block_id:126 --> bbed :BBED-00400: invalid blocktype (30)
file :4 block_id:127 --> bbed :BBED-00400: invalid blocktype (30)
file :4 block_id:128 --> bbed :BBED-00400: invalid blocktype (32)
file :4 block_id:129 --> bbed :BBED-00400: invalid blocktype (33)
file :4 block_id:130 --> bbed :BBED-00400: invalid blocktype (35)
file :4 block_id:131 --> bbed : KTB Data Block (Table/Cluster)
file :4 block_id:132 --> bbed : KTB Data Block (Table/Cluster)
file :4 block_id:133 --> bbed : KTB Data Block (Table/Cluster)
file :4 block_id:134 --> bbed : KTB Data Block (Table/Cluster)
file :4 block_id:135 --> bbed : KTB Data Block (Table/Cluster)
file :4 block_id:136 --> bbed :BBED-00400: invalid blocktype (32)
file :4 block_id:137 --> bbed :BBED-00400: invalid blocktype (33)
file :4 block_id:138 --> bbed :BBED-00400: invalid blocktype (35)
file :4 block_id:139 --> bbed : KTB Data Block (Index Leaf)
file :4 block_id:140 --> bbed :BBED-00400: invalid blocktype (00)
file :4 block_id:141 --> bbed :BBED-00400: invalid blocktype (00)
file :4 block_id:142 --> bbed :BBED-00400: invalid blocktype (00)
file :4 block_id:143 --> bbed :BBED-00400: invalid blocktype (00)
file :4 block_id:144 --> bbed :BBED-00400: invalid blocktype (32)
file :4 block_id:145 --> bbed :------------------------------------------------------------
file :4 block_id:146 --> bbed :BBED-00400: invalid blocktype (35)
file :4 block_id:147 --> bbed : KTB Data Block (Table/Cluster)
file :4 block_id:148 --> bbed : KTB Data Block (Table/Cluster)
file :4 block_id:149 --> bbed : KTB Data Block (Table/Cluster)
file :4 block_id:150 --> bbed : KTB Data Block (Table/Cluster)
file :4 block_id:151 --> bbed : KTB Data Block (Table/Cluster)
file :4 block_id:152 --> bbed :BBED-00400: invalid blocktype (32)
file :4 block_id:153 --> bbed :BBED-00400: invalid blocktype (33)
file :4 block_id:154 --> bbed :BBED-00400: invalid blocktype (35)
file :4 block_id:155 --> bbed : KTB Data Block (Index Leaf)
file :4 block_id:156 --> bbed :------------------------------------------------------------
file :4 block_id:157 --> bbed :BBED-00400: invalid blocktype (00)
file :4 block_id:158 --> bbed :BBED-00400: invalid blocktype (00)
file :4 block_id:159 --> bbed :BBED-00400: invalid blocktype (00)
file :4 block_id:160 --> bbed :BBED-00400: invalid blocktype (32)
file :4 block_id:161 --> bbed :BBED-00400: invalid blocktype (33)
file :4 block_id:162 --> bbed :BBED-00400: invalid blocktype (35)
file :4 block_id:163 --> bbed : KTB Data Block (Table/Cluster)
file :4 block_id:164 --> bbed : KTB Data Block (Table/Cluster)
file :4 block_id:165 --> bbed : KTB Data Block (Table/Cluster)
file :4 block_id:166 --> bbed : KTB Data Block (Table/Cluster)
file :4 block_id:167 --> bbed : KTB Data Block (Table/Cluster)
file :4 block_id:168 --> bbed :BBED-00400: invalid blocktype (32)
file :4 block_id:169 --> bbed :BBED-00400: invalid blocktype (33)
file :4 block_id:170 --> bbed :BBED-00400: invalid blocktype (35)
file :4 block_id:171 --> bbed : KTB Data Block (Table/Cluster)
file :4 block_id:172 --> bbed : KTB Data Block (Table/Cluster)
file :4 block_id:173 --> bbed : KTB Data Block (Table/Cluster)
file :4 block_id:174 --> bbed : KTB Data Block (Table/Cluster)
file :4 block_id:175 --> bbed : KTB Data Block (Table/Cluster)
file :4 block_id:176 --> bbed :BBED-00400: invalid blocktype (00)
file :4 block_id:177 --> bbed :BBED-00400: invalid blocktype (00)
file :4 block_id:178 --> bbed :BBED-00400: invalid blocktype (00)
file :4 block_id:179 --> bbed :BBED-00400: invalid blocktype (00)
file :4 block_id:180 --> bbed :BBED-00400: invalid blocktype (00)
file :4 block_id:181 --> bbed :BBED-00400: invalid blocktype (00)
file :4 block_id:182 --> bbed :BBED-00400: invalid blocktype (00)
file :4 block_id:183 --> bbed :BBED-00400: invalid blocktype (00)
file :4 block_id:184 --> bbed :BBED-00400: invalid blocktype (00)
file :4 block_id:185 --> bbed :BBED-00400: invalid blocktype (00)
file :4 block_id:186 --> bbed :BBED-00400: invalid blocktype (00)
file :4 block_id:187 --> bbed :BBED-00400: invalid blocktype (00)
file :4 block_id:188 --> bbed :BBED-00400: invalid blocktype (00)
file :4 block_id:189 --> bbed :BBED-00400: invalid blocktype (00)
file :4 block_id:190 --> bbed :BBED-00400: invalid blocktype (00)
file :4 block_id:191 --> bbed :BBED-00400: invalid blocktype (00)
file :4 block_id:192 --> bbed :BBED-00400: invalid blocktype (58)
file :4 block_id:193 --> bbed :------------------------------------------------------------
file :4 block_id:194 --> bbed :BBED-00400: invalid blocktype (58)
file :4 block_id:195 --> bbed :BBED-00400: invalid blocktype (58)
file :4 block_id:196 --> bbed :BBED-00400: invalid blocktype (58)
file :4 block_id:197 --> bbed :BBED-00400: invalid blocktype (58)
file :4 block_id:198 --> bbed :BBED-00400: invalid blocktype (58)
file :4 block_id:199 --> bbed :BBED-00400: invalid blocktype (58)
file :4 block_id:200 --> bbed :BBED-00400: invalid blocktype (58)
file :4 block_id:201 --> bbed :BBED-00400: invalid blocktype (58)
file :4 block_id:202 --> bbed :BBED-00400: invalid blocktype (58)
file :4 block_id:203 --> bbed :BBED-00400: invalid blocktype (58)
file :4 block_id:204 --> bbed :BBED-00400: invalid blocktype (58)
file :4 block_id:205 --> bbed :BBED-00400: invalid blocktype (58)
file :4 block_id:206 --> bbed :BBED-00400: invalid blocktype (58)
file :4 block_id:207 --> bbed :BBED-00400: invalid blocktype (58)
file :4 block_id:208 --> bbed :BBED-00400: invalid blocktype (58)
file :4 block_id:209 --> bbed :BBED-00400: invalid blocktype (58)
file :4 block_id:210 --> bbed :BBED-00400: invalid blocktype (58)
file :4 block_id:211 --> bbed :BBED-00400: invalid blocktype (58)
file :4 block_id:212 --> bbed :BBED-00400: invalid blocktype (58)
file :4 block_id:213 --> bbed :BBED-00400: invalid blocktype (58)
file :4 block_id:214 --> bbed :BBED-00400: invalid blocktype (58)
file :4 block_id:215 --> bbed :BBED-00400: invalid blocktype (58)
file :4 block_id:216 --> bbed :BBED-00400: invalid blocktype (58)
file :4 block_id:217 --> bbed :BBED-00400: invalid blocktype (58)
file :4 block_id:218 --> bbed :BBED-00400: invalid blocktype (58)
file :4 block_id:219 --> bbed :BBED-00400: invalid blocktype (58)
file :4 block_id:220 --> bbed :BBED-00400: invalid blocktype (58)
file :4 block_id:221 --> bbed :BBED-00400: invalid blocktype (58)
file :4 block_id:222 --> bbed :BBED-00400: invalid blocktype (58)
file :4 block_id:223 --> bbed :------------------------------------------------------------
file :4 block_id:224 --> bbed :BBED-00400: invalid blocktype (58)
file :4 block_id:225 --> bbed :BBED-00400: invalid blocktype (58)
file :4 block_id:226 --> bbed :BBED-00400: invalid blocktype (58)
file :4 block_id:227 --> bbed :BBED-00400: invalid blocktype (58)
file :4 block_id:228 --> bbed :BBED-00400: invalid blocktype (58)
file :4 block_id:229 --> bbed :BBED-00400: invalid blocktype (58)
file :4 block_id:230 --> bbed :BBED-00400: invalid blocktype (58)
file :4 block_id:231 --> bbed :BBED-00400: invalid blocktype (58)
file :4 block_id:232 --> bbed :BBED-00400: invalid blocktype (58)
file :4 block_id:233 --> bbed :BBED-00400: invalid blocktype (58)
file :4 block_id:234 --> bbed :BBED-00400: invalid blocktype (58)
file :4 block_id:235 --> bbed :BBED-00400: invalid blocktype (58)
file :4 block_id:236 --> bbed :BBED-00400: invalid blocktype (58)
file :4 block_id:237 --> bbed :BBED-00400: invalid blocktype (58)
file :4 block_id:238 --> bbed :BBED-00400: invalid blocktype (58)
file :4 block_id:239 --> bbed :BBED-00400: invalid blocktype (58)
file :4 block_id:240 --> bbed :BBED-00400: invalid blocktype (58)
file :4 block_id:241 --> bbed :BBED-00400: invalid blocktype (58)
file :4 block_id:242 --> bbed :BBED-00400: invalid blocktype (58)
file :4 block_id:243 --> bbed :BBED-00400: invalid blocktype (58)
file :4 block_id:244 --> bbed :BBED-00400: invalid blocktype (58)
file :4 block_id:245 --> bbed :BBED-00400: invalid blocktype (58)
file :4 block_id:246 --> bbed :BBED-00400: invalid blocktype (58)
file :4 block_id:247 --> bbed :BBED-00400: invalid blocktype (58)
file :4 block_id:248 --> bbed :BBED-00400: invalid blocktype (58)
file :4 block_id:249 --> bbed :BBED-00400: invalid blocktype (58)
file :4 block_id:250 --> bbed :BBED-00400: invalid blocktype (58)
file :4 block_id:251 --> bbed :BBED-00400: invalid blocktype (58)
file :4 block_id:252 --> bbed :BBED-00400: invalid blocktype (58)
file :4 block_id:253 --> bbed :BBED-00400: invalid blocktype (58)
file :4 block_id:254 --> bbed :BBED-00400: invalid blocktype (58)
file :4 block_id:255 --> bbed :BBED-00400: invalid blocktype (58)
file :4 block_id:256 --> bbed :BBED-00400: invalid blocktype (58)
file :4 block_id:257 --> bbed :BBED-00400: invalid blocktype (58)
file :4 block_id:258 --> bbed :BBED-00400: invalid blocktype (58)
file :4 block_id:259 --> bbed :BBED-00400: invalid blocktype (58)
file :4 block_id:260 --> bbed :BBED-00400: invalid blocktype (58)
file :4 block_id:261 --> bbed :BBED-00400: invalid blocktype (58)
file :4 block_id:262 --> bbed :BBED-00400: invalid blocktype (58)
file :4 block_id:263 --> bbed :BBED-00400: invalid blocktype (58)
file :4 block_id:264 --> bbed :BBED-00400: invalid blocktype (58)
file :4 block_id:265 --> bbed :BBED-00400: invalid blocktype (58)
file :4 block_id:266 --> bbed :BBED-00400: invalid blocktype (58)
file :4 block_id:267 --> bbed :BBED-00400: invalid blocktype (58)
file :4 block_id:268 --> bbed :BBED-00400: invalid blocktype (58)
file :4 block_id:269 --> bbed :BBED-00400: invalid blocktype (58)
file :4 block_id:270 --> bbed :BBED-00400: invalid blocktype (58)
file :4 block_id:271 --> bbed :BBED-00400: invalid blocktype (58)
file :4 block_id:272 --> bbed :BBED-00400: invalid blocktype (58)
file :4 block_id:273 --> bbed :BBED-00400: invalid blocktype (58)
file :4 block_id:274 --> bbed :BBED-00400: invalid blocktype (58)
file :4 block_id:275 --> bbed :BBED-00400: invalid blocktype (58)
file :4 block_id:276 --> bbed :BBED-00400: invalid blocktype (58)
file :4 block_id:277 --> bbed :BBED-00400: invalid blocktype (58)
file :4 block_id:278 --> bbed :BBED-00400: invalid blocktype (58)
file :4 block_id:279 --> bbed :BBED-00400: invalid blocktype (58)
file :4 block_id:280 --> bbed :BBED-00400: invalid blocktype (58)
file :4 block_id:281 --> bbed :BBED-00400: invalid blocktype (58)
file :4 block_id:282 --> bbed :BBED-00400: invalid blocktype (58)
file :4 block_id:283 --> bbed :BBED-00400: invalid blocktype (58)
file :4 block_id:284 --> bbed :BBED-00400: invalid blocktype (58)
file :4 block_id:285 --> bbed :BBED-00400: invalid blocktype (58)
file :4 block_id:286 --> bbed :BBED-00400: invalid blocktype (58)
file :4 block_id:287 --> bbed :BBED-00400: invalid blocktype (58)
file :4 block_id:288 --> bbed :BBED-00400: invalid blocktype (58)
file :4 block_id:289 --> bbed :BBED-00400: invalid blocktype (58)
file :4 block_id:290 --> bbed :BBED-00400: invalid blocktype (58)
file :4 block_id:291 --> bbed :BBED-00400: invalid blocktype (58)
file :4 block_id:292 --> bbed :BBED-00400: invalid blocktype (58)
file :4 block_id:293 --> bbed :BBED-00400: invalid blocktype (58)
file :4 block_id:294 --> bbed :BBED-00400: invalid blocktype (58)
file :4 block_id:295 --> bbed :BBED-00400: invalid blocktype (58)
file :4 block_id:296 --> bbed :BBED-00400: invalid blocktype (58)
file :4 block_id:297 --> bbed :BBED-00400: invalid blocktype (58)
file :4 block_id:298 --> bbed :BBED-00400: invalid blocktype (58)
file :4 block_id:299 --> bbed :BBED-00400: invalid blocktype (58)
file :4 block_id:300 --> bbed :BBED-00400: invalid blocktype (58)
file :4 block_id:301 --> bbed :BBED-00400: invalid blocktype (58)
file :4 block_id:302 --> bbed :BBED-00400: invalid blocktype (58)
file :4 block_id:303 --> bbed :BBED-00400: invalid blocktype (58)
file :4 block_id:304 --> bbed :BBED-00400: invalid blocktype (58)
file :4 block_id:305 --> bbed :BBED-00400: invalid blocktype (58)
file :4 block_id:306 --> bbed :BBED-00400: invalid blocktype (58)
file :4 block_id:307 --> bbed :BBED-00400: invalid blocktype (58)
file :4 block_id:308 --> bbed :BBED-00400: invalid blocktype (58)
file :4 block_id:309 --> bbed :BBED-00400: invalid blocktype (58)
file :4 block_id:310 --> bbed :BBED-00400: invalid blocktype (58)
file :4 block_id:311 --> bbed :BBED-00400: invalid blocktype (58)
file :4 block_id:312 --> bbed :BBED-00400: invalid blocktype (58)
file :4 block_id:313 --> bbed :BBED-00400: invalid blocktype (58)
file :4 block_id:314 --> bbed :BBED-00400: invalid blocktype (58)
file :4 block_id:315 --> bbed :BBED-00400: invalid blocktype (58)
file :4 block_id:316 --> bbed :BBED-00400: invalid blocktype (58)
file :4 block_id:317 --> bbed :BBED-00400: invalid blocktype (58)
file :4 block_id:318 --> bbed :BBED-00400: invalid blocktype (58)
file :4 block_id:319 --> bbed :BBED-00400: invalid blocktype (58)
file :4 block_id:320 --> bbed :BBED-00400: invalid blocktype (58)
file :4 block_id:321 --> bbed :BBED-00400: invalid blocktype (58)
file :4 block_id:322 --> bbed :BBED-00400: invalid blocktype (58)
file :4 block_id:323 --> bbed :BBED-00400: invalid blocktype (58)
file :4 block_id:324 --> bbed :BBED-00400: invalid blocktype (58)
file :4 block_id:325 --> bbed :BBED-00400: invalid blocktype (58)
file :4 block_id:326 --> bbed :BBED-00400: invalid blocktype (58)
file :4 block_id:327 --> bbed :BBED-00400: invalid blocktype (58)
file :4 block_id:328 --> bbed :BBED-00400: invalid blocktype (58)
file :4 block_id:329 --> bbed :BBED-00400: invalid blocktype (58)
file :4 block_id:330 --> bbed :BBED-00400: invalid blocktype (58)
file :4 block_id:331 --> bbed :BBED-00400: invalid blocktype (58)
file :4 block_id:332 --> bbed :BBED-00400: invalid blocktype (58)
file :4 block_id:333 --> bbed :BBED-00400: invalid blocktype (58)
file :4 block_id:334 --> bbed :BBED-00400: invalid blocktype (58)
file :4 block_id:335 --> bbed :BBED-00400: invalid blocktype (58)
file :4 block_id:336 --> bbed :BBED-00400: invalid blocktype (58)
file :4 block_id:337 --> bbed :BBED-00400: invalid blocktype (58)
file :4 block_id:338 --> bbed :BBED-00400: invalid blocktype (58)
file :4 block_id:339 --> bbed :BBED-00400: invalid blocktype (58)
file :4 block_id:340 --> bbed :BBED-00400: invalid blocktype (58)
file :4 block_id:341 --> bbed :BBED-00400: invalid blocktype (58)
file :4 block_id:342 --> bbed :BBED-00400: invalid blocktype (58)
file :4 block_id:343 --> bbed :BBED-00400: invalid blocktype (58)
file :4 block_id:344 --> bbed :BBED-00400: invalid blocktype (58)
file :4 block_id:345 --> bbed :BBED-00400: invalid blocktype (58)
file :4 block_id:346 --> bbed :BBED-00400: invalid blocktype (58)
file :4 block_id:347 --> bbed :BBED-00400: invalid blocktype (58)
file :4 block_id:348 --> bbed :BBED-00400: invalid blocktype (58)
file :4 block_id:349 --> bbed :BBED-00400: invalid blocktype (58)
file :4 block_id:350 --> bbed :BBED-00400: invalid blocktype (58)
file :4 block_id:351 --> bbed :BBED-00400: invalid blocktype (58)
file :4 block_id:352 --> bbed :BBED-00400: invalid blocktype (58)
file :4 block_id:353 --> bbed :BBED-00400: invalid blocktype (58)
file :4 block_id:354 --> bbed :BBED-00400: invalid blocktype (58)
file :4 block_id:355 --> bbed :BBED-00400: invalid blocktype (58)
file :4 block_id:356 --> bbed :BBED-00400: invalid blocktype (58)
file :4 block_id:357 --> bbed :BBED-00400: invalid blocktype (58)
file :4 block_id:358 --> bbed :BBED-00400: invalid blocktype (58)
file :4 block_id:359 --> bbed :BBED-00400: invalid blocktype (58)
file :4 block_id:360 --> bbed :BBED-00400: invalid blocktype (58)
file :4 block_id:361 --> bbed :BBED-00400: invalid blocktype (58)
file :4 block_id:362 --> bbed :BBED-00400: invalid blocktype (58)
file :4 block_id:363 --> bbed :BBED-00400: invalid blocktype (58)
file :4 block_id:364 --> bbed :BBED-00400: invalid blocktype (58)
file :4 block_id:365 --> bbed :BBED-00400: invalid blocktype (58)
file :4 block_id:366 --> bbed :BBED-00400: invalid blocktype (58)
file :4 block_id:367 --> bbed :BBED-00400: invalid blocktype (58)
file :4 block_id:368 --> bbed :BBED-00400: invalid blocktype (58)
file :4 block_id:369 --> bbed :BBED-00400: invalid blocktype (58)
file :4 block_id:370 --> bbed :BBED-00400: invalid blocktype (58)
file :4 block_id:371 --> bbed :BBED-00400: invalid blocktype (58)
file :4 block_id:372 --> bbed :BBED-00400: invalid blocktype (58)
file :4 block_id:373 --> bbed :BBED-00400: invalid blocktype (58)
file :4 block_id:374 --> bbed :BBED-00400: invalid blocktype (58)
file :4 block_id:375 --> bbed :------------------------------------------------------------
file :4 block_id:376 --> bbed :BBED-00400: invalid blocktype (58)
file :4 block_id:377 --> bbed :BBED-00400: invalid blocktype (58)
file :4 block_id:378 --> bbed :BBED-00400: invalid blocktype (58)
file :4 block_id:379 --> bbed :BBED-00400: invalid blocktype (58)
file :4 block_id:380 --> bbed :BBED-00400: invalid blocktype (58)
file :4 block_id:381 --> bbed :BBED-00400: invalid blocktype (58)
file :4 block_id:382 --> bbed :------------------------------------------------------------
file :4 block_id:383 --> bbed :BBED-00400: invalid blocktype (58)
file :4 block_id:384 --> bbed :BBED-00400: invalid blocktype (58)
file :4 block_id:385 --> bbed :------------------------------------------------------------
file :4 block_id:386 --> bbed :BBED-00400: invalid blocktype (58)
file :4 block_id:387 --> bbed :BBED-00400: invalid blocktype (58)
file :4 block_id:388 --> bbed :BBED-00400: invalid blocktype (58)
file :4 block_id:389 --> bbed :BBED-00400: invalid blocktype (58)
file :4 block_id:390 --> bbed :BBED-00400: invalid blocktype (58)
file :4 block_id:391 --> bbed :BBED-00400: invalid blocktype (58)
file :4 block_id:392 --> bbed :BBED-00400: invalid blocktype (58)
file :4 block_id:393 --> bbed :BBED-00400: invalid blocktype (58)
file :4 block_id:394 --> bbed :BBED-00400: invalid blocktype (58)
file :4 block_id:395 --> bbed :BBED-00400: invalid blocktype (58)
file :4 block_id:396 --> bbed :BBED-00400: invalid blocktype (58)
file :4 block_id:397 --> bbed :BBED-00400: invalid blocktype (58)
file :4 block_id:398 --> bbed :BBED-00400: invalid blocktype (58)
file :4 block_id:399 --> bbed :BBED-00400: invalid blocktype (58)
file :4 block_id:400 --> bbed :BBED-00400: invalid blocktype (58)
file :4 block_id:401 --> bbed :BBED-00400: invalid blocktype (58)
file :4 block_id:402 --> bbed :BBED-00400: invalid blocktype (58)
file :4 block_id:403 --> bbed :BBED-00400: invalid blocktype (58)
file :4 block_id:404 --> bbed :BBED-00400: invalid blocktype (58)
file :4 block_id:405 --> bbed :BBED-00400: invalid blocktype (58)
file :4 block_id:406 --> bbed :BBED-00400: invalid blocktype (58)
file :4 block_id:407 --> bbed :BBED-00400: invalid blocktype (58)
file :4 block_id:408 --> bbed :BBED-00400: invalid blocktype (58)
file :4 block_id:409 --> bbed :BBED-00400: invalid blocktype (58)
file :4 block_id:410 --> bbed :BBED-00400: invalid blocktype (58)
file :4 block_id:411 --> bbed :BBED-00400: invalid blocktype (58)
file :4 block_id:412 --> bbed :BBED-00400: invalid blocktype (58)
file :4 block_id:413 --> bbed :BBED-00400: invalid blocktype (58)
file :4 block_id:414 --> bbed :BBED-00400: invalid blocktype (58)
file :4 block_id:415 --> bbed :BBED-00400: invalid blocktype (58)
file :4 block_id:416 --> bbed :BBED-00400: invalid blocktype (58)
file :4 block_id:417 --> bbed :BBED-00400: invalid blocktype (58)
file :4 block_id:418 --> bbed :BBED-00400: invalid blocktype (58)
file :4 block_id:419 --> bbed :BBED-00400: invalid blocktype (58)
file :4 block_id:420 --> bbed :BBED-00400: invalid blocktype (58)
file :4 block_id:421 --> bbed :BBED-00400: invalid blocktype (58)
file :4 block_id:422 --> bbed :BBED-00400: invalid blocktype (58)
file :4 block_id:423 --> bbed :BBED-00400: invalid blocktype (58)
file :4 block_id:424 --> bbed :BBED-00400: invalid blocktype (58)
file :4 block_id:425 --> bbed :BBED-00400: invalid blocktype (58)
file :4 block_id:426 --> bbed :BBED-00400: invalid blocktype (58)
file :4 block_id:427 --> bbed :BBED-00400: invalid blocktype (58)
file :4 block_id:428 --> bbed :BBED-00400: invalid blocktype (58)
file :4 block_id:429 --> bbed :BBED-00400: invalid blocktype (58)
file :4 block_id:430 --> bbed :------------------------------------------------------------
file :4 block_id:431 --> bbed :BBED-00400: invalid blocktype (58)
file :4 block_id:432 --> bbed :BBED-00400: invalid blocktype (58)
file :4 block_id:433 --> bbed :BBED-00400: invalid blocktype (58)
file :4 block_id:434 --> bbed :BBED-00400: invalid blocktype (58)
file :4 block_id:435 --> bbed :BBED-00400: invalid blocktype (58)
file :4 block_id:436 --> bbed :BBED-00400: invalid blocktype (58)
file :4 block_id:437 --> bbed :BBED-00400: invalid blocktype (58)
file :4 block_id:438 --> bbed :BBED-00400: invalid blocktype (58)
file :4 block_id:439 --> bbed :BBED-00400: invalid blocktype (58)
file :4 block_id:440 --> bbed :BBED-00400: invalid blocktype (58)
file :4 block_id:441 --> bbed :BBED-00400: invalid blocktype (58)
file :4 block_id:442 --> bbed :BBED-00400: invalid blocktype (58)
file :4 block_id:443 --> bbed :BBED-00400: invalid blocktype (58)
file :4 block_id:444 --> bbed :BBED-00400: invalid blocktype (58)
file :4 block_id:445 --> bbed :BBED-00400: invalid blocktype (58)
file :4 block_id:446 --> bbed :BBED-00400: invalid blocktype (58)
file :4 block_id:447 --> bbed :BBED-00400: invalid blocktype (58)
file :4 block_id:448 --> bbed :BBED-00400: invalid blocktype (58)
file :4 block_id:449 --> bbed :BBED-00400: invalid blocktype (58)
file :4 block_id:450 --> bbed :BBED-00400: invalid blocktype (58)
file :4 block_id:451 --> bbed :BBED-00400: invalid blocktype (58)
file :4 block_id:452 --> bbed :BBED-00400: invalid blocktype (58)
file :4 block_id:453 --> bbed :BBED-00400: invalid blocktype (58)
file :4 block_id:454 --> bbed :BBED-00400: invalid blocktype (58)
file :4 block_id:455 --> bbed :BBED-00400: invalid blocktype (58)
file :4 block_id:456 --> bbed :BBED-00400: invalid blocktype (58)
file :4 block_id:457 --> bbed :BBED-00400: invalid blocktype (58)
file :4 block_id:458 --> bbed :BBED-00400: invalid blocktype (58)
file :4 block_id:459 --> bbed :BBED-00400: invalid blocktype (58)
file :4 block_id:460 --> bbed :BBED-00400: invalid blocktype (58)
file :4 block_id:461 --> bbed :BBED-00400: invalid blocktype (58)
file :4 block_id:462 --> bbed :BBED-00400: invalid blocktype (58)
file :4 block_id:463 --> bbed :BBED-00400: invalid blocktype (58)
file :4 block_id:464 --> bbed :BBED-00400: invalid blocktype (58)
file :4 block_id:465 --> bbed :BBED-00400: invalid blocktype (58)
file :4 block_id:466 --> bbed :BBED-00400: invalid blocktype (58)
file :4 block_id:467 --> bbed :BBED-00400: invalid blocktype (58)
file :4 block_id:468 --> bbed :BBED-00400: invalid blocktype (58)
file :4 block_id:469 --> bbed :BBED-00400: invalid blocktype (58)
file :4 block_id:470 --> bbed :BBED-00400: invalid blocktype (58)
file :4 block_id:471 --> bbed :BBED-00400: invalid blocktype (58)
file :4 block_id:472 --> bbed :BBED-00400: invalid blocktype (58)
file :4 block_id:473 --> bbed :BBED-00400: invalid blocktype (58)
file :4 block_id:474 --> bbed :BBED-00400: invalid blocktype (58)
file :4 block_id:475 --> bbed :BBED-00400: invalid blocktype (58)
file :4 block_id:476 --> bbed :BBED-00400: invalid blocktype (58)
file :4 block_id:477 --> bbed :BBED-00400: invalid blocktype (58)
file :4 block_id:478 --> bbed :BBED-00400: invalid blocktype (58)
file :4 block_id:479 --> bbed :BBED-00400: invalid blocktype (58)
file :4 block_id:480 --> bbed :BBED-00400: invalid blocktype (58)
file :4 block_id:481 --> bbed :BBED-00400: invalid blocktype (58)
file :4 block_id:482 --> bbed :BBED-00400: invalid blocktype (58)
file :4 block_id:483 --> bbed :BBED-00400: invalid blocktype (58)
file :4 block_id:484 --> bbed :BBED-00400: invalid blocktype (58)
file :4 block_id:485 --> bbed :BBED-00400: invalid blocktype (58)
file :4 block_id:486 --> bbed :BBED-00400: invalid blocktype (58)
file :4 block_id:487 --> bbed :BBED-00400: invalid blocktype (58)
file :4 block_id:488 --> bbed :BBED-00400: invalid blocktype (58)
file :4 block_id:489 --> bbed :BBED-00400: invalid blocktype (58)
file :4 block_id:490 --> bbed :BBED-00400: invalid blocktype (58)
file :4 block_id:491 --> bbed :BBED-00400: invalid blocktype (58)
file :4 block_id:492 --> bbed :BBED-00400: invalid blocktype (58)
file :4 block_id:493 --> bbed :BBED-00400: invalid blocktype (58)
file :4 block_id:494 --> bbed :BBED-00400: invalid blocktype (58)
file :4 block_id:495 --> bbed :BBED-00400: invalid blocktype (58)
file :4 block_id:496 --> bbed :BBED-00400: invalid blocktype (58)
file :4 block_id:497 --> bbed :BBED-00400: invalid blocktype (58)
file :4 block_id:498 --> bbed :BBED-00400: invalid blocktype (58)
file :4 block_id:499 --> bbed :BBED-00400: invalid blocktype (58)
file :4 block_id:500 --> bbed :BBED-00400: invalid blocktype (58)
file :4 block_id:501 --> bbed :BBED-00400: invalid blocktype (58)
file :4 block_id:502 --> bbed :BBED-00400: invalid blocktype (58)
file :4 block_id:503 --> bbed :BBED-00400: invalid blocktype (58)
file :4 block_id:504 --> bbed :BBED-00400: invalid blocktype (58)
file :4 block_id:505 --> bbed :BBED-00400: invalid blocktype (58)
file :4 block_id:506 --> bbed :BBED-00400: invalid blocktype (58)
file :4 block_id:507 --> bbed :BBED-00400: invalid blocktype (58)
file :4 block_id:508 --> bbed :BBED-00400: invalid blocktype (58)
file :4 block_id:509 --> bbed :BBED-00400: invalid blocktype (58)
file :4 block_id:510 --> bbed :BBED-00400: invalid blocktype (58)
file :4 block_id:511 --> bbed :BBED-00400: invalid blocktype (58)
file :4 block_id:512 --> bbed :BBED-00400: invalid blocktype (58)
file :4 block_id:513 --> bbed :BBED-00400: invalid blocktype (58)
file :4 block_id:514 --> bbed :BBED-00400: invalid blocktype (58)
file :4 block_id:515 --> bbed :BBED-00400: invalid blocktype (58)
file :4 block_id:516 --> bbed :BBED-00400: invalid blocktype (58)
file :4 block_id:517 --> bbed :BBED-00400: invalid blocktype (58)
file :4 block_id:518 --> bbed :BBED-00400: invalid blocktype (58)
file :4 block_id:519 --> bbed :BBED-00400: invalid blocktype (58)
file :4 block_id:520 --> bbed :BBED-00400: invalid blocktype (58)
file :4 block_id:521 --> bbed :BBED-00400: invalid blocktype (58)
file :4 block_id:522 --> bbed :BBED-00400: invalid blocktype (58)
file :4 block_id:523 --> bbed :BBED-00400: invalid blocktype (58)
file :4 block_id:524 --> bbed :BBED-00400: invalid blocktype (58)
file :4 block_id:525 --> bbed :BBED-00400: invalid blocktype (58)
file :4 block_id:526 --> bbed :BBED-00400: invalid blocktype (58)
file :4 block_id:527 --> bbed :BBED-00400: invalid blocktype (58)
file :4 block_id:528 --> bbed :BBED-00400: invalid blocktype (58)
file :4 block_id:529 --> bbed :BBED-00400: invalid blocktype (58)
file :4 block_id:530 --> bbed :BBED-00400: invalid blocktype (58)
file :4 block_id:531 --> bbed :BBED-00400: invalid blocktype (58)
file :4 block_id:532 --> bbed :BBED-00400: invalid blocktype (58)
file :4 block_id:533 --> bbed :BBED-00400: invalid blocktype (58)
file :4 block_id:534 --> bbed :BBED-00400: invalid blocktype (58)
file :4 block_id:535 --> bbed :BBED-00400: invalid blocktype (58)
file :4 block_id:536 --> bbed :BBED-00400: invalid blocktype (58)
file :4 block_id:537 --> bbed :BBED-00400: invalid blocktype (58)
file :4 block_id:538 --> bbed :BBED-00400: invalid blocktype (58)
file :4 block_id:539 --> bbed :BBED-00400: invalid blocktype (58)
file :4 block_id:540 --> bbed :BBED-00400: invalid blocktype (58)
file :4 block_id:541 --> bbed :BBED-00400: invalid blocktype (58)
file :4 block_id:542 --> bbed :BBED-00400: invalid blocktype (58)
file :4 block_id:543 --> bbed :BBED-00400: invalid blocktype (58)
file :4 block_id:544 --> bbed :BBED-00400: invalid blocktype (58)
file :4 block_id:545 --> bbed :BBED-00400: invalid blocktype (58)
file :4 block_id:546 --> bbed :BBED-00400: invalid blocktype (58)
file :4 block_id:547 --> bbed :BBED-00400: invalid blocktype (58)
file :4 block_id:548 --> bbed :BBED-00400: invalid blocktype (58)
file :4 block_id:549 --> bbed :BBED-00400: invalid blocktype (58)
file :4 block_id:550 --> bbed :BBED-00400: invalid blocktype (58)
file :4 block_id:551 --> bbed :BBED-00400: invalid blocktype (58)
file :4 block_id:552 --> bbed :BBED-00400: invalid blocktype (58)
file :4 block_id:553 --> bbed :BBED-00400: invalid blocktype (58)
file :4 block_id:554 --> bbed :BBED-00400: invalid blocktype (58)
file :4 block_id:555 --> bbed :BBED-00400: invalid blocktype (58)
file :4 block_id:556 --> bbed :BBED-00400: invalid blocktype (58)
file :4 block_id:557 --> bbed :BBED-00400: invalid blocktype (58)
file :4 block_id:558 --> bbed :BBED-00400: invalid blocktype (58)
file :4 block_id:559 --> bbed :BBED-00400: invalid blocktype (58)
file :4 block_id:560 --> bbed :BBED-00400: invalid blocktype (58)
file :4 block_id:561 --> bbed :BBED-00400: invalid blocktype (58)
file :4 block_id:562 --> bbed :BBED-00400: invalid blocktype (58)
file :4 block_id:563 --> bbed :BBED-00400: invalid blocktype (58)
file :4 block_id:564 --> bbed :BBED-00400: invalid blocktype (58)
file :4 block_id:565 --> bbed :BBED-00400: invalid blocktype (58)
file :4 block_id:566 --> bbed :BBED-00400: invalid blocktype (58)
file :4 block_id:567 --> bbed :BBED-00400: invalid blocktype (58)
file :4 block_id:568 --> bbed :BBED-00400: invalid blocktype (58)
file :4 block_id:569 --> bbed :BBED-00400: invalid blocktype (58)
file :4 block_id:570 --> bbed :BBED-00400: invalid blocktype (58)
file :4 block_id:571 --> bbed :BBED-00400: invalid blocktype (58)
file :4 block_id:572 --> bbed :BBED-00400: invalid blocktype (58)
file :4 block_id:573 --> bbed :------------------------------------------------------------
file :4 block_id:574 --> bbed :BBED-00400: invalid blocktype (58)
file :4 block_id:575 --> bbed :BBED-00400: invalid blocktype (58)
file :4 block_id:576 --> bbed :------------------------------------------------------------
file :4 block_id:577 --> bbed :BBED-00400: invalid blocktype (58)
file :4 block_id:578 --> bbed :BBED-00400: invalid blocktype (58)
file :4 block_id:579 --> bbed :BBED-00400: invalid blocktype (58)
file :4 block_id:580 --> bbed :BBED-00400: invalid blocktype (58)
file :4 block_id:581 --> bbed :BBED-00400: invalid blocktype (58)
file :4 block_id:582 --> bbed :BBED-00400: invalid blocktype (58)
file :4 block_id:583 --> bbed :BBED-00400: invalid blocktype (58)
file :4 block_id:584 --> bbed :BBED-00400: invalid blocktype (58)
file :4 block_id:585 --> bbed :BBED-00400: invalid blocktype (58)
file :4 block_id:586 --> bbed :BBED-00400: invalid blocktype (58)
file :4 block_id:587 --> bbed :BBED-00400: invalid blocktype (58)
file :4 block_id:588 --> bbed :BBED-00400: invalid blocktype (58)
file :4 block_id:589 --> bbed :BBED-00400: invalid blocktype (58)
file :4 block_id:590 --> bbed :BBED-00400: invalid blocktype (58)
file :4 block_id:591 --> bbed :BBED-00400: invalid blocktype (58)
file :4 block_id:592 --> bbed :BBED-00400: invalid blocktype (58)
file :4 block_id:593 --> bbed :BBED-00400: invalid blocktype (58)
file :4 block_id:594 --> bbed :BBED-00400: invalid blocktype (58)
file :4 block_id:595 --> bbed :BBED-00400: invalid blocktype (58)
file :4 block_id:596 --> bbed :BBED-00400: invalid blocktype (58)
file :4 block_id:597 --> bbed :BBED-00400: invalid blocktype (58)
file :4 block_id:598 --> bbed :BBED-00400: invalid blocktype (58)
file :4 block_id:599 --> bbed :BBED-00400: invalid blocktype (58)
file :4 block_id:600 --> bbed :BBED-00400: invalid blocktype (58)
file :4 block_id:601 --> bbed :BBED-00400: invalid blocktype (58)
file :4 block_id:602 --> bbed :BBED-00400: invalid blocktype (58)
file :4 block_id:603 --> bbed :BBED-00400: invalid blocktype (58)
file :4 block_id:604 --> bbed :BBED-00400: invalid blocktype (58)
file :4 block_id:605 --> bbed :BBED-00400: invalid blocktype (58)
file :4 block_id:606 --> bbed :BBED-00400: invalid blocktype (58)
file :4 block_id:607 --> bbed :BBED-00400: invalid blocktype (58)
file :4 block_id:608 --> bbed :BBED-00400: invalid blocktype (58)
file :4 block_id:609 --> bbed :BBED-00400: invalid blocktype (58)
file :4 block_id:610 --> bbed :BBED-00400: invalid blocktype (58)
file :4 block_id:611 --> bbed :BBED-00400: invalid blocktype (58)
file :4 block_id:612 --> bbed :BBED-00400: invalid blocktype (58)
file :4 block_id:613 --> bbed :------------------------------------------------------------
file :4 block_id:614 --> bbed :BBED-00400: invalid blocktype (58)
file :4 block_id:615 --> bbed :BBED-00400: invalid blocktype (58)
file :4 block_id:616 --> bbed :BBED-00400: invalid blocktype (58)
file :4 block_id:617 --> bbed :BBED-00400: invalid blocktype (58)
file :4 block_id:618 --> bbed :BBED-00400: invalid blocktype (58)
file :4 block_id:619 --> bbed :BBED-00400: invalid blocktype (58)
file :4 block_id:620 --> bbed :BBED-00400: invalid blocktype (58)
file :4 block_id:621 --> bbed :BBED-00400: invalid blocktype (58)
file :4 block_id:622 --> bbed :BBED-00400: invalid blocktype (58)
file :4 block_id:623 --> bbed :BBED-00400: invalid blocktype (58)
file :4 block_id:624 --> bbed :------------------------------------------------------------
file :4 block_id:625 --> bbed :BBED-00400: invalid blocktype (58)
file :4 block_id:626 --> bbed :BBED-00400: invalid blocktype (58)
file :4 block_id:627 --> bbed :BBED-00400: invalid blocktype (58)
file :4 block_id:628 --> bbed :BBED-00400: invalid blocktype (58)
file :4 block_id:629 --> bbed :BBED-00400: invalid blocktype (58)
file :4 block_id:630 --> bbed :BBED-00400: invalid blocktype (58)
file :4 block_id:631 --> bbed :BBED-00400: invalid blocktype (58)
file :4 block_id:632 --> bbed :BBED-00400: invalid blocktype (58)
file :4 block_id:633 --> bbed :BBED-00400: invalid blocktype (58)
file :4 block_id:634 --> bbed :BBED-00400: invalid blocktype (58)
file :4 block_id:635 --> bbed :BBED-00400: invalid blocktype (58)
file :4 block_id:636 --> bbed :BBED-00400: invalid blocktype (58)
file :4 block_id:637 --> bbed :BBED-00400: invalid blocktype (58)
file :4 block_id:638 --> bbed :BBED-00400: invalid blocktype (58)
file :4 block_id:639 --> bbed :BBED-00400: invalid blocktype (58)
file :4 block_id:640 --> bbed :BBED-00400: invalid blocktype (00)
